start!!
connected!!!
days: 1
days: 1
days: 1
days: 1
days: 2
days: 8
days: 1
days: 7
days: 3
days: 31
days: 3
days: 4
days: 3
days: 1
days: 1
days: 6
days: 4
days: 3
days: 4
days: 5
days: 4
days: 2
days: 1
days: 41
days: 6
days: 6
days: 3
days: 2
days: 94
days: 46
days: 51
days: 7
days: 3
days: 63
days: 6
days: 1
days: 10
days: 5
days: 6
days: 1
days: 4
days: 3
days: 7
days: 3
days: 3
days: 10
days: 10
days: 1
days: 3
days: 6
days: 3
days: 7
days: 4
days: 5
days: 9
days: 8
days: 5
days: 6
days: 6
days: 7
days: 6
days: 4
days: 6
days: 6
days: 6
days: 3
days: 9
days: 7
days: 1
days: 6
days: 7
days: 18
days: 5
days: 4
days: 6
days: 6
days: 7
days: 1
days: 2
days: 1
days: 5
days: 3
days: 5
days: 6
days: 6
days: 7
days: 4
days: 2
days: 6
days: 7
days: 3
days: 6
days: 4
days: 6
days: 4
days: 6
days: 8
days: 7
days: 6
days: 6
days: 9
days: 6
days: 5
days: 5
days: 5
days: 5
days: 22
days: 4
days: 6
days: 8
days: 6
days: 7
days: 5
days: 6
days: 7
days: 7
days: 5
days: 2
days: 3
days: 6
days: 6
days: 2
days: 7
days: 2
days: 4
days: 6
days: 7
days: 5
days: 4
days: 1
days: 7
days: 5
days: 3
days: 10
days: 18
days: 5
days: 5
days: 3
days: 3
days: 3
days: 3
days: 7
days: 5
days: 8
days: 7
days: 6
days: 12
days: 7
days: 7
days: 5
days: 2
days: 5
days: 8
days: 3
days: 4
days: 4
days: 8
days: 7
days: 3
days: 3
days: 8
days: 6
days: 2
days: 7
days: 7
days: 7
days: 6
days: 8
days: 7
days: 8
days: 6
days: 6
days: 2
days: 6
days: 3
days: 6
days: 7
days: 1
days: 6
days: 7
days: 8
days: 6
days: 6
days: 17
days: 6
days: 1
days: 4
days: 6
days: 4
days: 3
days: 5
days: 4
days: 5
days: 8
days: 1
days: 9
days: 7
days: 7
days: 5
days: 5
days: 9
days: 2
days: 7
days: 1
days: 1
days: 1
days: 1
days: 1
days: 1
days: 1
days: 1
days: 1
days: 1
days: 1
days: 6
days: 4
days: 4
days: 4
days: 4
days: 4
days: 5
days: 10
days: 4
days: 1
days: 4
days: 5
days: 6
days: 1
days: 5
days: 6
days: 6
days: 5
days: 2
days: 9
days: 7
days: 2
days: 61
days: 55
days: 24
days: 2
days: 4
days: 4
days: 14
days: 61
days: 55
days: 2
days: 3
days: 2
days: 4
days: 38
days: 7
days: 1
days: 6
days: 2
days: 2
days: 2
days: 15
days: 1
days: 86
days: 2
days: 1
days: 14
days: 1
days: 6
days: 2
days: 2
days: 2
days: 9
days: 10
days: 10
days: 2
days: 48
days: 10
days: 1
days: 1
days: 13
days: 16
days: 9
days: 3
days: 11
days: 1
days: 1
days: 1
days: 1
days: 1
days: 1
days: 1
days: 1
days: 1
days: 11
days: 1
read_over
days: 2
days: 7
days: 1
days: 1
days: 1
days: 4
days: 17
days: 9
days: 4
days: 5
days: 4
days: 4
days: 4
days: 4
days: 16
days: 100
days: 1
days: 9
days: 2
days: 186
days: 4
days: 4
days: 4
days: 4
days: 4
days: 26
days: 4
days: 24
days: 7
days: 5
days: 3
days: 4
days: 4
days: 3
days: 2
days: 3
days: 4
days: 3
days: 3
days: 181
days: 30
days: 1
days: 4
days: 8
days: 180
days: 7
days: 44
days: 63
days: 3
days: 1
days: 1
days: 32
days: 3
days: 8
days: 9
days: 7
days: 5
days: 7
days: 5
days: 5
days: 4
days: 1
days: 9
days: 8
days: 4
days: 7
days: 3
days: 5
days: 5
days: 3
days: 7
days: 5
days: 6
days: 3
days: 10
days: 6
days: 4
days: 4
days: 28
days: 7
days: 6
days: 11
days: 3
days: 3
days: 8
days: 6
days: 6
days: 7
days: 4
days: 6
days: 8
days: 4
days: 3
days: 3
days: 4
days: 179
days: 7
days: 8
days: 2
days: 6
days: 6
days: 1
days: 3
days: 3
days: 5
days: 11
days: 9
days: 3
days: 6
days: 3
days: 7
days: 5
days: 8
days: 1
days: 6
days: 10
days: 1
days: 6
days: 6
days: 9
days: 7
days: 7
days: 6
days: 6
days: 5
days: 5
days: 2
days: 4
days: 5
days: 6
days: 1
days: 7
days: 2
days: 2
days: 6
days: 7
days: 5
days: 2
days: 9
days: 2
days: 2
days: 2
days: 2
days: 2
days: 4
days: 7
days: 33
days: 1
days: 5
days: 29
days: 5
days: 12
days: 24
days: 32
days: 3
days: 2
days: 2
days: 93
days: 1
days: 7
days: 27
days: 69
days: 29
days: 24
days: 31
days: 30
days: 2
days: 2
days: 2
days: 15
days: 2
days: 2
days: 2
days: 2
days: 2
days: 4
days: 3
days: 3
days: 1
days: 2
days: 2
days: 2
days: 1
days: 4
days: 1
days: 1
days: 1
days: 4
days: 1
days: 10
days: 21
days: 4
days: 1
days: 29
days: 29
days: 32
days: 31
days: 30
days: 7
days: 8
days: 7
days: 11
days: 4
days: 2
days: 1
days: 14
days: 7
days: 2
days: 28
days: 4
days: 1
days: 1
days: 3
days: 1
days: 2
days: 2
days: 2
days: 1
days: 4
days: 1
days: 1
days: 1
days: 4
days: 1
days: 7
days: 3
days: 13
days: 54
days: 31
days: 2
read_over
days: 1
days: 1
days: 3
days: 2
days: 7
days: 3
days: 3
days: 15
days: 1
days: 4
days: 4
days: 4
days: 3
days: 3
days: 2
days: 1
days: 1
days: 7
days: 6
days: 5
days: 3
days: 4
days: 5
days: 9
days: 8
days: 4
days: 9
days: 6
days: 8
days: 2
days: 6
days: 6
days: 6
days: 4
days: 10
days: 7
days: 4
days: 6
days: 2
days: 1
days: 1
days: 3
days: 4
days: 1
days: 6
days: 1
days: 6
days: 5
days: 6
days: 3
days: 5
days: 5
days: 5
days: 6
days: 3
days: 7
days: 3
days: 3
days: 3
days: 5
days: 10
days: 6
days: 3
days: 6
days: 3
days: 1
days: 7
days: 1
days: 45
days: 2
days: 5
days: 1
days: 3
days: 2
days: 2
days: 2
days: 3
days: 3
days: 3
days: 3
days: 3
days: 3
days: 3
days: 2
days: 8
days: 2
days: 1
days: 1
days: 3
days: 3
days: 3
days: 3
days: 3
days: 3
days: 3
days: 3
days: 3
days: 3
days: 3
days: 3
days: 2
days: 2
read_over
finished!!!
time cost is: 586.2845404148102
